2024-07-14T22:01:31.711+02:00  INFO 6673 --- [demo-h2] [restartedMain] com.maboglia.DemoH2Application           : Starting DemoH2Application using Java 17.0.7 with PID 6673 (/home/marcuser/Dropbox/CorsoJava/github/spring-boot/workspace-spring/demo-h2/target/classes started by marcuser in /home/marcuser/Dropbox/CorsoJava/github/spring-boot/workspace-spring/demo-h2)
2024-07-14T22:01:31.728+02:00  INFO 6673 --- [demo-h2] [restartedMain] com.maboglia.DemoH2Application           : No active profile set, falling back to 1 default profile: "default"
2024-07-14T22:01:31.899+02:00  INFO 6673 --- [demo-h2] [restartedMain] .e.DevToolsPropertyDefaultsPostProcessor : Devtools property defaults active! Set 'spring.devtools.add-properties' to 'false' to disable
2024-07-14T22:01:31.900+02:00  INFO 6673 --- [demo-h2] [restartedMain] .e.DevToolsPropertyDefaultsPostProcessor : For additional web related logging consider setting the 'logging.level.web' property to 'DEBUG'
2024-07-14T22:01:33.993+02:00  INFO 6673 --- [demo-h2] [restartedMain] .s.d.r.c.RepositoryConfigurationDelegate : Bootstrapping Spring Data JPA repositories in DEFAULT mode.
2024-07-14T22:01:34.051+02:00  INFO 6673 --- [demo-h2] [restartedMain] .s.d.r.c.RepositoryConfigurationDelegate : Finished Spring Data repository scanning in 25 ms. Found 0 JPA repository interfaces.
2024-07-14T22:01:35.783+02:00  INFO 6673 --- [demo-h2] [restartedMain] o.s.b.w.embedded.tomcat.TomcatWebServer  : Tomcat initialized with port 8080 (http)
2024-07-14T22:01:35.830+02:00  INFO 6673 --- [demo-h2] [restartedMain] o.apache.catalina.core.StandardService   : Starting service [Tomcat]
2024-07-14T22:01:35.848+02:00  INFO 6673 --- [demo-h2] [restartedMain] o.apache.catalina.core.StandardEngine    : Starting Servlet engine: [Apache Tomcat/10.1.25]
2024-07-14T22:01:35.973+02:00  INFO 6673 --- [demo-h2] [restartedMain] o.a.c.c.C.[Tomcat].[localhost].[/]       : Initializing Spring embedded WebApplicationContext
2024-07-14T22:01:35.974+02:00  INFO 6673 --- [demo-h2] [restartedMain] w.s.c.ServletWebServerApplicationContext : Root WebApplicationContext: initialization completed in 4052 ms
2024-07-14T22:01:36.077+02:00  INFO 6673 --- [demo-h2] [restartedMain] com.zaxxer.hikari.HikariDataSource       : HikariPool-1 - Starting...
2024-07-14T22:01:36.613+02:00  INFO 6673 --- [demo-h2] [restartedMain] com.zaxxer.hikari.pool.HikariPool        : HikariPool-1 - Added connection conn0: url=jdbc:h2:file:./data/fileDB user=SA
2024-07-14T22:01:36.621+02:00  INFO 6673 --- [demo-h2] [restartedMain] com.zaxxer.hikari.HikariDataSource       : HikariPool-1 - Start completed.
2024-07-14T22:01:36.750+02:00  INFO 6673 --- [demo-h2] [restartedMain] o.s.b.a.h2.H2ConsoleAutoConfiguration    : H2 console available at '/h2'. Database available at 'jdbc:h2:file:./data/fileDB'
2024-07-14T22:01:37.192+02:00  INFO 6673 --- [demo-h2] [restartedMain] o.hibernate.jpa.internal.util.LogHelper  : HHH000204: Processing PersistenceUnitInfo [name: default]
2024-07-14T22:01:37.341+02:00  INFO 6673 --- [demo-h2] [restartedMain] org.hibernate.Version                    : HHH000412: Hibernate ORM core version 6.5.2.Final
2024-07-14T22:01:37.410+02:00  INFO 6673 --- [demo-h2] [restartedMain] o.h.c.internal.RegionFactoryInitiator    : HHH000026: Second-level cache disabled
2024-07-14T22:01:37.864+02:00  INFO 6673 --- [demo-h2] [restartedMain] o.s.o.j.p.SpringPersistenceUnitInfo      : No LoadTimeWeaver setup: ignoring JPA class transformer
2024-07-14T22:01:38.438+02:00  INFO 6673 --- [demo-h2] [restartedMain] o.h.e.t.j.p.i.JtaPlatformInitiator       : HHH000489: No JTA platform available (set 'hibernate.transaction.jta.platform' to enable JTA platform integration)
2024-07-14T22:01:38.448+02:00  INFO 6673 --- [demo-h2] [restartedMain] j.LocalContainerEntityManagerFactoryBean : Initialized JPA EntityManagerFactory for persistence unit 'default'
2024-07-14T22:01:38.577+02:00  WARN 6673 --- [demo-h2] [restartedMain] JpaBaseConfiguration$JpaWebConfiguration : spring.jpa.open-in-view is enabled by default. Therefore, database queries may be performed during view rendering. Explicitly configure spring.jpa.open-in-view to disable this warning
2024-07-14T22:01:39.358+02:00  INFO 6673 --- [demo-h2] [restartedMain] o.s.b.d.a.OptionalLiveReloadServer       : LiveReload server is running on port 35729
2024-07-14T22:01:39.445+02:00  INFO 6673 --- [demo-h2] [restartedMain] o.s.b.w.embedded.tomcat.TomcatWebServer  : Tomcat started on port 8080 (http) with context path '/'
2024-07-14T22:01:39.469+02:00  INFO 6673 --- [demo-h2] [restartedMain] com.maboglia.DemoH2Application           : Started DemoH2Application in 8.772 seconds (process running for 10.682)
2024-07-14T22:01:48.877+02:00  INFO 6673 --- [demo-h2] [http-nio-8080-exec-1] o.a.c.c.C.[Tomcat].[localhost].[/]       : Initializing Spring DispatcherServlet 'dispatcherServlet'
2024-07-14T22:01:48.894+02:00  INFO 6673 --- [demo-h2] [http-nio-8080-exec-1] o.s.web.servlet.DispatcherServlet        : Initializing Servlet 'dispatcherServlet'
2024-07-14T22:01:48.903+02:00  INFO 6673 --- [demo-h2] [http-nio-8080-exec-1] o.s.web.servlet.DispatcherServlet        : Completed initialization in 2 ms
2024-07-14T22:01:49.183+02:00 ERROR 6673 --- [demo-h2] [http-nio-8080-exec-1] com.maboglia.controller.Router           : errore
2024-07-14T22:01:49.188+02:00  WARN 6673 --- [demo-h2] [http-nio-8080-exec-1] com.maboglia.controller.Router           : warning
2024-07-14T22:01:50.275+02:00 ERROR 6673 --- [demo-h2] [http-nio-8080-exec-3] com.maboglia.controller.Router           : errore
2024-07-14T22:01:50.277+02:00  WARN 6673 --- [demo-h2] [http-nio-8080-exec-3] com.maboglia.controller.Router           : warning
2024-07-14T22:01:52.027+02:00 ERROR 6673 --- [demo-h2] [http-nio-8080-exec-2] com.maboglia.controller.Router           : errore
2024-07-14T22:01:52.028+02:00  WARN 6673 --- [demo-h2] [http-nio-8080-exec-2] com.maboglia.controller.Router           : warning
